0 info it worked if it ends with ok
1 verbose cli [ '/usr/local/bin/node',
1 verbose cli   '/usr/local/bin/npm',
1 verbose cli   'install',
1 verbose cli   '--verbose',
1 verbose cli   '--save',
1 verbose cli   '--save-exact',
1 verbose cli   'react-native' ]
2 info using npm@4.0.2
3 info using node@v7.1.0
4 silly loadCurrentTree Starting
5 silly install loadCurrentTree
6 silly install readLocalPackageData
7 silly fetchPackageMetaData react-native
8 silly fetchNamedPackageData react-native
9 silly mapToRegistry name react-native
10 silly mapToRegistry using default registry
11 silly mapToRegistry registry https://registry.npmjs.org/
12 silly mapToRegistry data Result {
12 silly mapToRegistry   raw: 'react-native',
12 silly mapToRegistry   scope: null,
12 silly mapToRegistry   escapedName: 'react-native',
12 silly mapToRegistry   name: 'react-native',
12 silly mapToRegistry   rawSpec: '',
12 silly mapToRegistry   spec: 'latest',
12 silly mapToRegistry   type: 'tag' }
13 silly mapToRegistry uri https://registry.npmjs.org/react-native
14 verbose request uri https://registry.npmjs.org/react-native
15 verbose request no auth needed
16 info attempt registry request try #1 at 1:43:26 PM
17 verbose request using bearer token for auth
18 verbose request id 8c235b6b2101f108
19 verbose etag W/"58357081-a0505"
20 verbose lastModified Wed, 23 Nov 2016 10:33:37 GMT
21 http request GET https://registry.npmjs.org/react-native
22 http 304 https://registry.npmjs.org/react-native
23 verbose headers { server: 'nginx/1.10.1',
23 verbose headers   'last-modified': 'Wed, 23 Nov 2016 10:33:37 GMT',
23 verbose headers   etag: '"58357081-a0505"',
23 verbose headers   'cache-control': 'max-age=300',
23 verbose headers   'accept-ranges': 'bytes',
23 verbose headers   date: 'Mon, 28 Nov 2016 05:43:32 GMT',
23 verbose headers   via: '1.1 varnish',
23 verbose headers   connection: 'keep-alive',
23 verbose headers   'x-served-by': 'cache-itm7426-ITM',
23 verbose headers   'x-cache': 'MISS',
23 verbose headers   'x-cache-hits': '0',
23 verbose headers   'x-timer': 'S1480311812.665346,VS0,VE330',
23 verbose headers   vary: 'Accept-Encoding' }
24 silly get cb [ 304,
24 silly get   { server: 'nginx/1.10.1',
24 silly get     'last-modified': 'Wed, 23 Nov 2016 10:33:37 GMT',
24 silly get     etag: '"58357081-a0505"',
24 silly get     'cache-control': 'max-age=300',
24 silly get     'accept-ranges': 'bytes',
24 silly get     date: 'Mon, 28 Nov 2016 05:43:32 GMT',
24 silly get     via: '1.1 varnish',
24 silly get     connection: 'keep-alive',
24 silly get     'x-served-by': 'cache-itm7426-ITM',
24 silly get     'x-cache': 'MISS',
24 silly get     'x-cache-hits': '0',
24 silly get     'x-timer': 'S1480311812.665346,VS0,VE330',
24 silly get     vary: 'Accept-Encoding' } ]
25 verbose etag https://registry.npmjs.org/react-native from cache
26 verbose get saving react-native to /Users/JackieLJM/.npm/registry.npmjs.org/react-native/.cache.json
27 verbose correctMkdir /Users/JackieLJM/.npm correctMkdir not in flight; initializing
28 silly install normalizeTree
29 silly loadCurrentTree Finishing
30 silly loadIdealTree Starting
31 silly install loadIdealTree
32 silly cloneCurrentTree Starting
33 silly install cloneCurrentTreeToIdealTree
34 silly cloneCurrentTree Finishing
35 silly loadShrinkwrap Starting
36 silly install loadShrinkwrap
37 silly loadShrinkwrap Finishing
38 silly loadAllDepsIntoIdealTree Starting
39 silly install loadAllDepsIntoIdealTree
40 silly resolveWithNewModule react-native@0.38.0 checking installable status
41 silly cache add args [ 'react-native', null ]
42 verbose cache add spec react-native
43 silly cache add parsed spec Result {
43 silly cache add   raw: 'react-native',
43 silly cache add   scope: null,
43 silly cache add   escapedName: 'react-native',
43 silly cache add   name: 'react-native',
43 silly cache add   rawSpec: '',
43 silly cache add   spec: 'latest',
43 silly cache add   type: 'tag' }
44 silly addNamed react-native@latest
45 verbose addNamed "latest" is being treated as a dist-tag for react-native
46 info addNameTag [ 'react-native', 'latest' ]
47 silly mapToRegistry name react-native
48 silly mapToRegistry using default registry
49 silly mapToRegistry registry https://registry.npmjs.org/
50 silly mapToRegistry data Result {
50 silly mapToRegistry   raw: 'react-native',
50 silly mapToRegistry   scope: null,
50 silly mapToRegistry   escapedName: 'react-native',
50 silly mapToRegistry   name: 'react-native',
50 silly mapToRegistry   rawSpec: '',
50 silly mapToRegistry   spec: 'latest',
50 silly mapToRegistry   type: 'tag' }
51 silly mapToRegistry uri https://registry.npmjs.org/react-native
52 verbose addNameTag registry:https://registry.npmjs.org/react-native not in flight; fetching
53 verbose get https://registry.npmjs.org/react-native not expired, no request
54 silly addNameTag next cb for react-native with tag latest
55 silly addNamed react-native@0.38.0
56 verbose addNamed "0.38.0" is a plain semver version for react-native
57 silly mapToRegistry name react-native
58 silly mapToRegistry using default registry
59 silly mapToRegistry registry https://registry.npmjs.org/
60 silly mapToRegistry data Result {
60 silly mapToRegistry   raw: 'react-native',
60 silly mapToRegistry   scope: null,
60 silly mapToRegistry   escapedName: 'react-native',
60 silly mapToRegistry   name: 'react-native',
60 silly mapToRegistry   rawSpec: '',
60 silly mapToRegistry   spec: 'latest',
60 silly mapToRegistry   type: 'tag' }
61 silly mapToRegistry uri https://registry.npmjs.org/react-native
62 verbose addRemoteTarball https://registry.npmjs.org/react-native/-/react-native-0.38.0.tgz not in flight; adding
63 verbose addRemoteTarball [ 'https://registry.npmjs.org/react-native/-/react-native-0.38.0.tgz',
63 verbose addRemoteTarball   'fa553d467a9e75cbd6a0c15eb1ab88346e0d5d5c' ]
64 info retry fetch attempt 1 at 1:43:37 PM
65 info attempt registry request try #1 at 1:43:37 PM
66 http fetch GET https://registry.npmjs.org/react-native/-/react-native-0.38.0.tgz
67 verbose request using bearer token for auth
68 http fetch 200 https://registry.npmjs.org/react-native/-/react-native-0.38.0.tgz
69 silly fetchAndShaCheck shasum fa553d467a9e75cbd6a0c15eb1ab88346e0d5d5c
70 silly rollbackFailedOptional Starting
71 silly rollbackFailedOptional Finishing
72 silly runTopLevelLifecycles Finishing
73 silly install printInstalled
74 verbose stack Error: shasum check failed for /var/folders/zq/wky8vdj513v_71dvx0dx72500000gn/T/npm-86946-0ae9009d/registry.npmjs.org/react-native/-/react-native-0.38.0.tgz
74 verbose stack Expected: fa553d467a9e75cbd6a0c15eb1ab88346e0d5d5c
74 verbose stack Actual:   a7d55e741c631edc9602772b12644fd596a5119e
74 verbose stack From:     https://registry.npmjs.org/react-native/-/react-native-0.38.0.tgz
74 verbose stack     at /usr/local/lib/node_modules/npm/node_modules/sha/index.js:25:8
74 verbose stack     at ReadStream.<anonymous> (/usr/local/lib/node_modules/npm/node_modules/sha/index.js:72:7)
74 verbose stack     at emitNone (events.js:91:20)
74 verbose stack     at ReadStream.emit (events.js:185:7)
74 verbose stack     at endReadableNT (_stream_readable.js:974:12)
74 verbose stack     at _combinedTickCallback (internal/process/next_tick.js:74:11)
74 verbose stack     at process._tickCallback (internal/process/next_tick.js:98:9)
75 verbose cwd /Users/JackieLJM/Desktop/Works/MOBILE-WEBAPP/Webapp-native/mcloudmay
76 error Darwin 16.1.0
77 error argv "/usr/local/bin/node" "/usr/local/bin/npm" "install" "--verbose" "--save" "--save-exact" "react-native"
78 error node v7.1.0
79 error npm  v4.0.2
80 error shasum check failed for /var/folders/zq/wky8vdj513v_71dvx0dx72500000gn/T/npm-86946-0ae9009d/registry.npmjs.org/react-native/-/react-native-0.38.0.tgz
80 error Expected: fa553d467a9e75cbd6a0c15eb1ab88346e0d5d5c
80 error Actual:   a7d55e741c631edc9602772b12644fd596a5119e
80 error From:     https://registry.npmjs.org/react-native/-/react-native-0.38.0.tgz
81 error If you need help, you may report this error at:
81 error     <https://github.com/npm/npm/issues>
82 verbose exit [ 1, true ]
